    ======  ======
    Time:20.01.2021 15:09:50
    Title: Initiate log
    Message: 
    Time:20.01.2021 15:09:50
    Title: Initiate InternalManager
    Message: Trying to Validate License
    Time:20.01.2021 15:09:50
    Title: Requesting EVT
    Message: EVTP
    Time:20.01.2021 15:09:50
    Title: Requesting Validation
    Message: ILMValidate
    Time:20.01.2021 15:09:50
    Title: Requesting Validation
    Message: ILMValidate True
    Time:20.01.2021 15:09:50
    Title: Requesting Validation
    Message: ILMValidate True NotTrial
    Entering constructor for: Telerik.Windows.Silverlight.VSPackage.VsPackage
    Entering Initialize() for: Telerik.Windows.Silverlight.VSPackage.VsPackage
    Entering constructor for: Telerik.CommonPackage.VSPackage
    Entering constructor for: Telerik.VSX.UserSettingsPackage.UserSettingsPackage
    Entering constructor for: Telerik.Web.UI.VSPackage.VSPackage
    Entering constructor for: Telerik.WinControls.VSPackage.VSPackage
    Entering constructor for: Telerik.Xamarin.UI.VSPackage.VsPackage
    Entering constructor for: Telerik.Xamarin.UI.VSPackage.VsPackage
    Entering constructor for: Telerik.KendoUI.Mvc.VSPackage.VsPackage
    Entering constructor for: Telerik.KendoUI.Mvc.VSPackage.VsPackage
    Entering Initialize() of: Telerik.CommonPackage.VSPackage
    Entering Initialize() of: Telerik.VSX.UserSettingsPackage.UserSettingsPackage
    Entering Initialize() for: Telerik.Web.UI.VSPackage.VSPackage
    Entering Initialize() for: Telerik.WinControls.VSPackage.VSPackage
    Entering Initialize() for: Telerik.Xamarin.UI.VSPackage.VsPackage
    Entering Initialize() for: Telerik.KendoUI.Mvc.VSPackage.VsPackage
    devenv.exe Information: 0 : 20.01.2021 14:10:13:  - TokenCache: Deserialized 2 items to token cache.
    Web method running: [https://app.vssps.visualstudio.com/_apis/connectionData?connectOptions=IncludeServices&lastChangeId=7618&lastChangeId64=7618] (GET)connectionData[connectionData]
    Web method response: [https://app.vssps.visualstudio.com/_apis/connectionData?connectOptions=IncludeServices&lastChangeId=7618&lastChangeId64=7618] (GET)connectionData[connectionData] 296 ms
    Web method running: [https://api.vstsusers.visualstudio.com/_apis/connectionData?connectOptions=IncludeServices&lastChangeId=91&lastChangeId64=91] (GET)connectionData[connectionData]
    Web method running: [https://app.vssps.visualstudio.com/_apis/connectionData?connectOptions=None&lastChangeId=7618&lastChangeId64=7618] (GET)connectionData[connectionData]
    Web method running: [https://encoord.visualstudio.com/_apis/connectionData?connectOptions=IncludeServices&lastChangeId=287907901&lastChangeId64=287907901] (GET)connectionData[connectionData]
    Web method response: [https://api.vstsusers.visualstudio.com/_apis/connectionData?connectOptions=IncludeServices&lastChangeId=91&lastChangeId64=91] (GET)connectionData[connectionData] 7833 ms
    Web method running: [https://api.vstsusers.visualstudio.com/_apis/Profile/Profiles/me?details=true&withattributes=false&coreattributes=Minimal%2CEmail%2CAvatar%2CDisplayName%2CAll] (GET)me[Profile]
    Web method response: [https://api.vstsusers.visualstudio.com/_apis/Profile/Profiles/me?details=true&withattributes=false&coreattributes=Minimal%2CEmail%2CAvatar%2CDisplayName%2CAll] (GET)me[Profile] 1925 ms
    Web method running: [https://api.vstsusers.visualstudio.com/_apis/Profile/Locations?profilePageType=Update] (GET)Locations[Profile]
    Web method response: [https://encoord.visualstudio.com/_apis/connectionData?connectOptions=IncludeServices&lastChangeId=287907901&lastChangeId64=287907901] (GET)connectionData[connectionData] 6328 ms
    Web method response: [https://api.vstsusers.visualstudio.com/_apis/Profile/Locations?profilePageType=Update] (GET)Locations[Profile] 240 ms
    Web method running: [https://encoord.visualstudio.com/_apis/git/repositories/b841442d-2280-46a5-8eac-3e4aa5657919] (GET)b841442d-2280-46a5-8eac-3e4aa5657919[git]
    Web method running: [https://api.vstsusers.visualstudio.com/_apis/Profile/Settings/ProfileRefreshInterval] (GET)ProfileRefreshInterval[Profile]
    Web method response: [https://encoord.visualstudio.com/_apis/git/repositories/b841442d-2280-46a5-8eac-3e4aa5657919] (GET)b841442d-2280-46a5-8eac-3e4aa5657919[git] 56 ms
    Web method response: [https://api.vstsusers.visualstudio.com/_apis/Profile/Settings/ProfileRefreshInterval] (GET)ProfileRefreshInterval[Profile] 250 ms
    Web method running: [https://api.vstsusers.visualstudio.com/_apis/Profile/Profiles/me/Attributes?partition=VisualStudio.14_PreferredProfile&modifiedafterrevision=307809629] (GET)Attributes[Profile]
    Web method response: [https://api.vstsusers.visualstudio.com/_apis/Profile/Profiles/me/Attributes?partition=VisualStudio.14_PreferredProfile&modifiedafterrevision=307809629] (GET)Attributes[Profile] 391 ms
    Web method running: [https://api.vstsusers.visualstudio.com/_apis/Profile/Profiles/me/Avatar?size=Small] (GET)Avatar[Profile]
    Web method response: [https://api.vstsusers.visualstudio.com/_apis/Profile/Profiles/me/Avatar?size=Small] (GET)Avatar[Profile] 410 ms
    Web method running: [https://api.vstsusers.visualstudio.com/_apis/Profile/Profiles/me/Attributes?partition=VisualStudio.14_PreferredProfile&withcoreattributes=true&coreattributes=Minimal%2CEmail%2CAvatar%2CDisplayName%2CAll&modifiedafterrevision=307809629] (GET)Attributes[Profile]
    Web method response: [https://api.vstsusers.visualstudio.com/_apis/Profile/Profiles/me/Attributes?partition=VisualStudio.14_PreferredProfile&withcoreattributes=true&coreattributes=Minimal%2CEmail%2CAvatar%2CDisplayName%2CAll&modifiedafterrevision=307809629] (GET)Attributes[Profile] 880 ms
    Web method running: [https://api.vstsusers.visualstudio.com/_apis/Profile/Profiles/me/Avatar?size=Small] (GET)Avatar[Profile]
    Web method running: [https://api.vstsusers.visualstudio.com/_apis/Profile/Profiles/me/Avatar?size=Large] (GET)Avatar[Profile]
    Web method response: [https://api.vstsusers.visualstudio.com/_apis/Profile/Profiles/me/Avatar?size=Small] (GET)Avatar[Profile] 441 ms
    Web method response: [https://api.vstsusers.visualstudio.com/_apis/Profile/Profiles/me/Avatar?size=Large] (GET)Avatar[Profile] 568 ms
    TestWindow package loaded
    Informational: ------ Load Playlist started ------
    Informational: ========== Load Playlist finished (0:00:00,0049875) ==========
    Informational: ------ Discover test started ------
    Informational: NUnit Adapter 3.17.0.0: Test discovery starting
    Informational: NUnit Adapter 3.17.0.0: Test discovery complete
    Informational: ========== Discover test finished: 0 found (0:00:02,7592121) ==========
